<?xml version="1.0" encoding="UTF-8"?>
<!-- Generated by org.testng.reporters.JUnitReportReporter -->
<testsuite hostname="IN-V776W92VTP" failures="0" tests="2" name="TestClasses.IOS.KitCatalogApp" time="2.846" errors="1" timestamp="2023-06-11T14:46:11 IST" skipped="1">
  <testcase classname="TestClasses.IOS.KitCatalogApp" name="validateAlertViewPopup" time="0.000">
    <skipped/>
  </testcase> <!-- validateAlertViewPopup -->
  <system-out/>
  <testcase classname="TestClasses.IOS.KitCatalogApp" name="driverInitialization" time="2.846">
    <error message="Could not start a new session. Response code 500. Message: An unknown server-side error occurred while processing the command. Original error: Could not create simulator with name &#039;appiumTest-A09366F3-2A91-47F4-91EA-EA931293AE25-iPhone 13 pro&#039;, device type id &#039;iPhone 13 pro&#039;, with runtime ids &#039;com.apple.CoreSimulator.SimRuntime.iOS-16-0&#039; 
Host info: host: &#039;IN-V776W92VTP&#039;, ip: &#039;2405:201:a010:d07a:519:b9b9:cd92:398f%en0&#039;
Build info: version: &#039;4.10.0&#039;, revision: &#039;c14d967899&#039;
System info: os.name: &#039;Mac OS X&#039;, os.arch: &#039;x86_64&#039;, os.version: &#039;13.0&#039;, java.version: &#039;11.0.18&#039;
Driver info: io.appium.java_client.ios.IOSDriver
Command: [null, newSession {capabilities=[{appium:app=/Users/subhankarsahoo/eclipse-workspace/AppiumFramework/Resources/UIKitCatalog.app, appium:autoAcceptAlerts=true, appium:automationName=XCUITest, appium:deviceName=iPhone 13 pro, appium:noReset=false, platformName=IOS, appium:platformVersion=16.0}], desiredCapabilities=Capabilities {app: /Users/subhankarsahoo/eclip..., autoAcceptAlerts: true, automationName: XCUITest, deviceName: iPhone 13 pro, noReset: false, platformName: IOS, platformVersion: 16.0}}]
Capabilities {app: /Users/subhankarsahoo/eclip..., autoAcceptAlerts: true, automationName: XCUITest, deviceName: iPhone 13 pro, noReset: false, platformName: IOS, platformVersion: 16.0}" type="org.openqa.selenium.SessionNotCreatedException">
      <![CDATA[org.openqa.selenium.SessionNotCreatedException: Could not start a new session. Response code 500. Message: An unknown server-side error occurred while processing the command. Original error: Could not create simulator with name 'appiumTest-A09366F3-2A91-47F4-91EA-EA931293AE25-iPhone 13 pro', device type id 'iPhone 13 pro', with runtime ids 'com.apple.CoreSimulator.SimRuntime.iOS-16-0' 
Host info: host: 'IN-V776W92VTP', ip: '2405:201:a010:d07a:519:b9b9:cd92:398f%en0'
Build info: version: '4.10.0', revision: 'c14d967899'
System info: os.name: 'Mac OS X', os.arch: 'x86_64', os.version: '13.0', java.version: '11.0.18'
Driver info: io.appium.java_client.ios.IOSDriver
Command: [null, newSession {capabilities=[{appium:app=/Users/subhankarsahoo/eclipse-workspace/AppiumFramework/Resources/UIKitCatalog.app, appium:autoAcceptAlerts=true, appium:automationName=XCUITest, appium:deviceName=iPhone 13 pro, appium:noReset=false, platformName=IOS, appium:platformVersion=16.0}], desiredCapabilities=Capabilities {app: /Users/subhankarsahoo/eclip..., autoAcceptAlerts: true, automationName: XCUITest, deviceName: iPhone 13 pro, noReset: false, platformName: IOS, platformVersion: 16.0}}]
Capabilities {app: /Users/subhankarsahoo/eclip..., autoAcceptAlerts: true, automationName: XCUITest, deviceName: iPhone 13 pro, noReset: false, platformName: IOS, platformVersion: 16.0}
at org.openqa.selenium.remote.ProtocolHandshake.createSession(ProtocolHandshake.java:140)
at java.base/jdk.internal.reflect.NativeMethodAccessorImpl.invoke0(Native Method)
at java.base/jdk.internal.reflect.NativeMethodAccessorImpl.invoke(Unknown Source)
at java.base/jdk.internal.reflect.DelegatingMethodAccessorImpl.invoke(Unknown Source)
at java.base/java.lang.reflect.Method.invoke(Unknown Source)
at io.appium.java_client.remote.AppiumProtocolHandshake.createSession(AppiumProtocolHandshake.java:133)
at io.appium.java_client.remote.AppiumProtocolHandshake.createSession(AppiumProtocolHandshake.java:102)
at io.appium.java_client.remote.AppiumCommandExecutor.createSession(AppiumCommandExecutor.java:182)
at io.appium.java_client.remote.AppiumCommandExecutor.execute(AppiumCommandExecutor.java:250)
at org.openqa.selenium.remote.RemoteWebDriver.execute(RemoteWebDriver.java:531)
at io.appium.java_client.AppiumDriver.startSession(AppiumDriver.java:274)
at org.openqa.selenium.remote.RemoteWebDriver.<init>(RemoteWebDriver.java:154)
at io.appium.java_client.AppiumDriver.<init>(AppiumDriver.java:89)
at io.appium.java_client.AppiumDriver.<init>(AppiumDriver.java:101)
at io.appium.java_client.ios.IOSDriver.<init>(IOSDriver.java:104)
at IOSBase.IOSMobileBase.driverInitialization(IOSMobileBase.java:73)
at java.base/jdk.internal.reflect.NativeMethodAccessorImpl.invoke0(Native Method)
at java.base/jdk.internal.reflect.NativeMethodAccessorImpl.invoke(Unknown Source)
at java.base/jdk.internal.reflect.DelegatingMethodAccessorImpl.invoke(Unknown Source)
at java.base/java.lang.reflect.Method.invoke(Unknown Source)
at org.testng.internal.invokers.MethodInvocationHelper.invokeMethod(MethodInvocationHelper.java:139)
at org.testng.internal.invokers.MethodInvocationHelper.invokeMethodConsideringTimeout(MethodInvocationHelper.java:69)
at org.testng.internal.invokers.ConfigInvoker.invokeConfigurationMethod(ConfigInvoker.java:361)
at org.testng.internal.invokers.ConfigInvoker.invokeConfigurations(ConfigInvoker.java:296)
at org.testng.internal.invokers.TestInvoker.runConfigMethods(TestInvoker.java:823)
at org.testng.internal.invokers.TestInvoker.invokeMethod(TestInvoker.java:590)
at org.testng.internal.invokers.TestInvoker.invokeTestMethod(TestInvoker.java:221)
at org.testng.internal.invokers.MethodRunner.runInSequence(MethodRunner.java:50)
at org.testng.internal.invokers.TestInvoker$MethodInvocationAgent.invoke(TestInvoker.java:969)
at org.testng.internal.invokers.TestInvoker.invokeTestMethods(TestInvoker.java:194)
at org.testng.internal.invokers.TestMethodWorker.invokeTestMethods(TestMethodWorker.java:148)
at org.testng.internal.invokers.TestMethodWorker.run(TestMethodWorker.java:128)
at java.base/java.util.ArrayList.forEach(Unknown Source)
at org.testng.TestRunner.privateRun(TestRunner.java:829)
at org.testng.TestRunner.run(TestRunner.java:602)
at org.testng.SuiteRunner.runTest(SuiteRunner.java:437)
at org.testng.SuiteRunner$SuiteWorker.run(SuiteRunner.java:475)
at org.testng.internal.thread.ThreadUtil.lambda$execute$0(ThreadUtil.java:58)
at java.base/java.util.concurrent.FutureTask.run(Unknown Source)
at java.base/java.util.concurrent.ThreadPoolExecutor.runWorker(Unknown Source)
at java.base/java.util.concurrent.ThreadPoolExecutor$Worker.run(Unknown Source)
at java.base/java.lang.Thread.run(Unknown Source)
]]>
    </error>
  </testcase> <!-- driverInitialization -->
  <system-out/>
</testsuite> <!-- TestClasses.IOS.KitCatalogApp -->
